^ 102 : 4 5.2433 131.77272727272728 5.2433 (2017 - 2020)
^ 105 : 3 4.9439 161.05555555555554 4.9439 (2017 - 2019)
^ 106 : 3 6.0486 131.77272727272728 6.0486 (2017 - 2019)
^ 109 : 3 4.844 96.63333333333334 4.844 (2019 - 2021)
^ 110 : 2 15.061 11.236434108527131 15.061 (2020 - 2021)
^ 112 : 4 20.2769 17.895061728395063 20.2769 (2021 - )
^ 113 : 2 6.4522 48.31666666666667 6.4522 (2020 - 2021)
^ 114 : 2 3.2745 241.58333333333334 3.2745 (2019 - 2020)
^ 116 : 2 3.2745 241.58333333333334 3.2745 (2019 - 2020)
^ 123 : 3 11.0466 72.475 11.0466 (2017 - 2019)
^ 125 : 3 3.2911 241.58333333333334 3.2911 (2017 - 2019)
^ 128 : 3 4.3924 181.1875 4.3924 (2017 - 2019)
^ 139 : 2 4.377 207.07142857142858 4.377 (2017 - 2018)
^ 145 : 4 4.7643 144.95 4.7643 (2017 - 2020)
^ 146 : 4 6.2028 111.5 6.2028 (2017 - 2020)
^ 147 : 3 5.5944 131.77272727272728 5.5944 (2018 - 2020)
^ 15 : 4 10.0595 69.02380952380952 10.0595 (2017 - 2020)
^ 150 : 2 3.4346 289.9 3.4346 (2013 - 2014)
^ 152 : 3 4.5728 161.05555555555554 4.5728 (2018 - 2020)
^ 16 : 4 4.5735 90.59375 4.5735 (2021 - )
^ 165 : 4 4.2856 96.63333333333334 4.2856 (2021 - )
^ 169 : 2 3.8221 207.07142857142858 3.8221 (2019 - 2020)
^ 187 : 3 3.8415 207.07142857142858 3.8415 (2017 - 2019)
^ 191 : 3 6.0486 131.77272727272728 6.0486 (2017 - 2019)
^ 194 : 4 5.2433 131.77272727272728 5.2433 (2017 - 2020)
^ 196 : 3 3.2911 241.58333333333334 3.2911 (2017 - 2019)
^ 20 : 4 5.7228 120.79166666666667 5.7228 (2017 - 2020)
^ 206 : 4 11.6937 41.41428571428571 11.6937 (2018 - 2021)
^ 208 : 2 4.6544 18.348101265822784 4.6544 (2020 - 2021)
^ 223 : 2 7.7504 65.88636363636364 7.7504 (2020 - 2021)
^ 225 : 3 4.5728 161.05555555555554 4.5728 (2018 - 2020)
^ 228 : 2 3.1234 289.9 3.1234 (2017 - 2018)
^ 23 : 2 3.4821 241.58333333333334 3.4821 (2018 - 2019)
^ 232 : 4 6.2028 111.5 6.2028 (2017 - 2020)
^ 235 : 4 4.2858 161.05555555555554 4.2858 (2017 - 2020)
^ 238 : 4 3.998 103.53571428571429 3.998 (2021 - )
^ 244 : 3 3.8415 207.07142857142858 3.8415 (2017 - 2019)
^ 256 : 2 6.3996 131.77272727272728 6.3996 (2018 - 2019)
^ 259 : 3 3.8415 207.07142857142858 3.8415 (2017 - 2019)
^ 26 : 3 4.9439 161.05555555555554 4.9439 (2017 - 2019)
^ 261 : 2 3.2745 241.58333333333334 3.2745 (2019 - 2020)
^ 265 : 2 5.3211 131.77272727272728 5.3211 (2019 - 2020)
^ 268 : 3 7.7819 69.02380952380952 7.7819 (2019 - 2021)
^ 27 : 3 4.0627 181.1875 4.0627 (2018 - 2020)
^ 279 : 6 6.4561 30.840425531914892 6.4561 (2019 - )
^ 284 : 2 3.2745 241.58333333333334 3.2745 (2019 - 2020)
^ 32 : 3 5.3152 181.1875 5.3152 (2014 - 2016)
^ 33 : 2 8.6292 35.353658536585364 8.6292 (2020 - 2021)
^ 49 : 2 3.4821 241.58333333333334 3.4821 (2018 - 2019)
^ 50 : 4 3.1368 131.77272727272728 3.1368 (2021 - )
^ 53 : 4 9.0731 45.296875 9.0731 (2017 - 2020)
^ 69 : 3 7.7096 103.53571428571429 7.7096 (2017 - 2019)
^ 83 : 8 3.8558 241.58333333333334 3.8558 (2009 - 2016)
^ 87 : 2 5.0048 181.1875 5.0048 (2017 - 2018)
^ 93 : 3 3.044 241.58333333333334 3.044 (2018 - 2020)
^ 98 : 2 6.2623 144.95 6.2623 (2017 - 2018)
